<?xml version="1.0" encoding="UTF-8"?>
<!-- Generated by org.testng.reporters.JUnitReportReporter -->
<testsuite hostname="LAPTOP-4838M88C" failures="0" tests="9" name="HelperAttributes.DataProviderExcel" time="48.204" errors="0" timestamp="2025-07-14T10:07:46 IST" skipped="0">
  <testcase classname="HelperAttributes.DataProviderExcel" name="Login" time="4.751"/>
  <testcase classname="HelperAttributes.DataProviderExcel" name="Login" time="6.465"/>
  <testcase classname="HelperAttributes.DataProviderExcel" name="Login" time="7.149"/>
  <testcase classname="HelperAttributes.DataProviderExcel" name="Login" time="5.198"/>
  <testcase classname="HelperAttributes.DataProviderExcel" name="Login" time="5.080"/>
  <testcase classname="HelperAttributes.DataProviderExcel" name="Login" time="4.548"/>
  <testcase classname="HelperAttributes.DataProviderExcel" name="Login" time="5.324"/>
  <testcase classname="HelperAttributes.DataProviderExcel" name="Login" time="4.952"/>
  <testcase classname="HelperAttributes.DataProviderExcel" name="Login" time="4.737"/>
</testsuite> <!-- HelperAttributes.DataProviderExcel -->
