<?xml version="1.0" encoding="UTF-8"?>
<!-- Generated by org.testng.reporters.JUnitReportReporter -->
<testsuite hostname="LAPTOP-4838M88C" failures="0" tests="1" name="Testcases.CreateProdcutsTest" time="13.344" errors="0" timestamp="2025-07-26T08:10:18 IST" skipped="0">
  <testcase classname="Testcases.CreateProdcutsTest" name="CreateProducts" time="13.344"/>
  <system-out>
    <![CDATA[db connectivity open]]>
  </system-out>
</testsuite> <!-- Testcases.CreateProdcutsTest -->
