<?xml version="1.0" encoding="UTF-8"?>
<!-- Generated by org.testng.reporters.JUnitReportReporter -->
<testsuite hostname="LAPTOP-4838M88C" failures="0" tests="1" name="HelperAttributes.ConfigurationAnnotation" time="0.008" errors="0" timestamp="2025-07-16T07:34:52 IST" skipped="0">
  <testcase classname="HelperAttributes.ConfigurationAnnotation" name="TC001" time="0.008">
    <system-out>
      <![CDATA[Testcases done]]>
    </system-out>
  </testcase> <!-- TC001 -->
  <system-out>
    <![CDATA[DB connectivity open
preconditions
launching browser
login
Testcases done
logout
closing browser
postconditions
DB connectivity close]]>
  </system-out>
</testsuite> <!-- HelperAttributes.ConfigurationAnnotation -->
